22:32:31.483  INFO  manager.MyListener  Start searching element by By.xpath: //a[.=' Logout ']
22:32:41.521  INFO  manager.MyListener  The element with locator by By.xpath: //a[.=' Logout '] is found successfully
22:32:41.526  INFO  tests.TestBase  registrationPositiveTest starts with:  joe1961mail.com & $Asdf12341961
22:32:41.526  INFO  manager.MyListener  Start searching element by By.xpath: //a[.=' Sign up ']
22:32:41.548  INFO  manager.MyListener  The element with locator by By.xpath: //a[.=' Sign up '] is found successfully
22:32:41.620  INFO  manager.MyListener  Start searching element by By.id: name
22:32:41.632  INFO  manager.MyListener  The element with locator by By.id: name is found successfully
22:32:41.741  INFO  manager.MyListener  Start searching element by By.id: lastName
22:32:41.760  INFO  manager.MyListener  The element with locator by By.id: lastName is found successfully
22:32:41.879  INFO  manager.MyListener  Start searching element by By.id: email
22:32:41.897  INFO  manager.MyListener  The element with locator by By.id: email is found successfully
22:32:42.037  INFO  manager.MyListener  Start searching element by By.id: password
22:32:42.054  INFO  manager.MyListener  The element with locator by By.id: password is found successfully
22:32:42.177  INFO  manager.MyListener  Start searching element by By.xpath: //*[@class='checkbox-container']
22:32:42.193  INFO  manager.MyListener  The element with locator by By.xpath: //*[@class='checkbox-container'] is found successfully
22:32:42.228  INFO  manager.MyListener  Start searching element by By.xpath: //*[@class='checkbox-container']
22:32:42.238  INFO  manager.MyListener  The element with locator by By.xpath: //*[@class='checkbox-container'] is found successfully
22:32:42.275  INFO  manager.MyListener  Something went wrong!
22:32:42.275  INFO  manager.MyListener  move target out of bounds
  (Session info: chrome=112.0.5615.87)
Build info: version: '3.141.59', revision: 'e82be7d358', time: '2018-11-14T08:17:03'
System info: host: 'LAPTOP-QKHLCVKT', ip: '192.168.88.107', os.name: 'Windows 11', os.arch: 'amd64', os.version: '10.0', java.version: '1.8.0_333'
Driver info: org.openqa.selenium.chrome.ChromeDriver
Capabilities {acceptInsecureCerts: false, browserName: chrome, browserVersion: 112.0.5615.87, chrome: {chromedriverVersion: 112.0.5615.49 (bd2a7bcb881c..., userDataDir: C:\Users\Liora\AppData\Loca...}, goog:chromeOptions: {debuggerAddress: localhost:57169}, javascriptEnabled: true, networkConnectionEnabled: false, pageLoadStrategy: normal, platform: WINDOWS, platformName: WINDOWS, proxy: Proxy(), setWindowRect: true, strictFileInteractability: false, timeouts: {implicit: 0, pageLoad: 300000, script: 30000}, unhandledPromptBehavior: dismiss and notify, webauthn:extension:credBlob: true, webauthn:extension:largeBlob: true, webauthn:extension:minPinLength: true, webauthn:extension:prf: true, webauthn:virtualAuthenticators: true}
Session ID: ebcbbe1ce6492113d4da3fa31ac5bdd2
22:32:42.275  INFO  manager.MyListener  org.openqa.selenium.interactions.MoveTargetOutOfBoundsException: move target out of bounds
  (Session info: chrome=112.0.5615.87)
Build info: version: '3.141.59', revision: 'e82be7d358', time: '2018-11-14T08:17:03'
System info: host: 'LAPTOP-QKHLCVKT', ip: '192.168.88.107', os.name: 'Windows 11', os.arch: 'amd64', os.version: '10.0', java.version: '1.8.0_333'
Driver info: org.openqa.selenium.chrome.ChromeDriver
Capabilities {acceptInsecureCerts: false, browserName: chrome, browserVersion: 112.0.5615.87, chrome: {chromedriverVersion: 112.0.5615.49 (bd2a7bcb881c..., userDataDir: C:\Users\Liora\AppData\Loca...}, goog:chromeOptions: {debuggerAddress: localhost:57169}, javascriptEnabled: true, networkConnectionEnabled: false, pageLoadStrategy: normal, platform: WINDOWS, platformName: WINDOWS, proxy: Proxy(), setWindowRect: true, strictFileInteractability: false, timeouts: {implicit: 0, pageLoad: 300000, script: 30000}, unhandledPromptBehavior: dismiss and notify, webauthn:extension:credBlob: true, webauthn:extension:largeBlob: true, webauthn:extension:minPinLength: true, webauthn:extension:prf: true, webauthn:virtualAuthenticators: true}
Session ID: ebcbbe1ce6492113d4da3fa31ac5bdd2
22:32:43.046  INFO  manager.MyListener  Start searching element by By.xpath: //button[.='Ok']
22:32:53.082  INFO  manager.MyListener  The element with locator by By.xpath: //button[.='Ok'] is found successfully
