00:31:10.805  INFO  tests.TestBase             ############### Start  test loginNegativeTestWrongEmail
00:31:10.809  INFO  manager.MyListener  Start searching element by By.xpath: //a[.=' Logout ']
00:31:20.832  INFO  manager.MyListener  The element with locator by By.xpath: //a[.=' Logout '] is found successfully
00:31:20.833  INFO  manager.MyListener  Start searching element by By.xpath: //a[.=' Log in ']
00:31:20.850  INFO  manager.MyListener  The element with locator by By.xpath: //a[.=' Log in '] is found successfully
00:31:20.907  INFO  manager.MyListener  Start searching element by By.id: email
00:31:20.931  INFO  manager.MyListener  The element with locator by By.id: email is found successfully
00:31:21.054  INFO  manager.MyListener  Start searching element by By.id: password
00:31:21.070  INFO  manager.MyListener  The element with locator by By.id: password is found successfully
00:31:21.189  INFO  manager.MyListener  Start searching element by By.xpath: //div[.="It'snot look like email"]
00:31:21.209  INFO  manager.MyListener  The element with locator by By.xpath: //div[.="It'snot look like email"] is found successfully
00:31:21.256  INFO  manager.MyListener  Start searching element by By.xpath: //div[.="It'snot look like email"]
00:31:21.270  INFO  manager.MyListener  The element with locator by By.xpath: //div[.="It'snot look like email"] is found successfully
00:31:21.286  INFO  manager.MyListener  Start searching element by By.xpath: //button[.='Ok']
00:31:31.314  INFO  manager.MyListener  The element with locator by By.xpath: //button[.='Ok'] is found successfully
00:31:31.314  INFO  tests.TestBase       ###### Finished  #########
00:31:31.315  INFO  tests.TestBase             ############### Start  test loginPositiveTest
00:31:31.315  INFO  manager.MyListener  Start searching element by By.xpath: //a[.=' Logout ']
00:31:41.351  INFO  manager.MyListener  The element with locator by By.xpath: //a[.=' Logout '] is found successfully
00:31:41.352  INFO  manager.MyListener  Start searching element by By.xpath: //a[.=' Log in ']
00:31:41.377  INFO  manager.MyListener  The element with locator by By.xpath: //a[.=' Log in '] is found successfully
00:31:41.420  INFO  manager.MyListener  Start searching element by By.id: email
00:31:41.433  INFO  manager.MyListener  The element with locator by By.id: email is found successfully
00:31:41.553  INFO  manager.MyListener  Start searching element by By.id: password
00:31:41.575  INFO  manager.MyListener  The element with locator by By.id: password is found successfully
00:31:41.693  INFO  manager.MyListener  Start searching element by By.cssSelector: [type='submit']
00:31:41.703  INFO  manager.MyListener  The element with locator by By.cssSelector: [type='submit'] is found successfully
00:31:41.718  INFO  manager.MyListener  Start searching element by By.xpath: //h2[.='Logged in success']
00:31:42.701  INFO  manager.MyListener  The element with locator by By.xpath: //h2[.='Logged in success'] is found successfully
00:31:42.735  INFO  manager.MyListener  Start searching element by By.xpath: //h2[.='Logged in success']
00:31:42.757  INFO  manager.MyListener  The element with locator by By.xpath: //h2[.='Logged in success'] is found successfully
00:31:42.767  INFO  manager.MyListener  Start searching element by By.xpath: //button[.='Ok']
00:31:42.775  INFO  manager.MyListener  The element with locator by By.xpath: //button[.='Ok'] is found successfully
00:31:42.775  INFO  manager.MyListener  Start searching element by By.xpath: //button[.='Ok']
00:31:42.795  INFO  manager.MyListener  The element with locator by By.xpath: //button[.='Ok'] is found successfully
00:31:42.832  INFO  tests.TestBase       ###### Finished  #########
00:31:42.834  INFO  tests.TestBase             ############### Start  test registrationPositiveTest
00:31:42.835  INFO  manager.MyListener  Start searching element by By.xpath: //a[.=' Logout ']
00:31:42.853  INFO  manager.MyListener  The element with locator by By.xpath: //a[.=' Logout '] is found successfully
00:31:42.853  INFO  manager.MyListener  Start searching element by By.xpath: //a[.=' Logout ']
00:31:42.873  INFO  manager.MyListener  The element with locator by By.xpath: //a[.=' Logout '] is found successfully
00:31:42.943  INFO  tests.TestBase  registrationPositiveTest starts with:  joe1902@mail.com & $Asdf12341902
00:31:42.943  INFO  manager.MyListener  Start searching element by By.xpath: //a[.=' Sign up ']
00:31:42.968  INFO  manager.MyListener  The element with locator by By.xpath: //a[.=' Sign up '] is found successfully
00:31:43.025  INFO  manager.MyListener  Start searching element by By.id: name
00:31:43.051  INFO  manager.MyListener  The element with locator by By.id: name is found successfully
00:31:43.163  INFO  manager.MyListener  Start searching element by By.id: lastName
00:31:43.184  INFO  manager.MyListener  The element with locator by By.id: lastName is found successfully
00:31:43.296  INFO  manager.MyListener  Start searching element by By.id: email
00:31:43.311  INFO  manager.MyListener  The element with locator by By.id: email is found successfully
00:31:43.462  INFO  manager.MyListener  Start searching element by By.id: password
00:31:43.481  INFO  manager.MyListener  The element with locator by By.id: password is found successfully
00:31:43.603  INFO  manager.MyListener  Start searching element by By.xpath: //*[@class='checkbox-container']
00:31:43.624  INFO  manager.MyListener  The element with locator by By.xpath: //*[@class='checkbox-container'] is found successfully
00:31:43.637  INFO  manager.MyListener  Start searching element by By.xpath: //*[@class='checkbox-container']
00:31:43.651  INFO  manager.MyListener  The element with locator by By.xpath: //*[@class='checkbox-container'] is found successfully
00:31:43.903  INFO  manager.MyListener  Start searching element by By.cssSelector: [type='submit']
00:31:43.919  INFO  manager.MyListener  The element with locator by By.cssSelector: [type='submit'] is found successfully
00:31:43.934  INFO  tests.TestBase  registrationPositiveTest completed
00:31:43.934  INFO  manager.MyListener  Start searching element by By.xpath: //h2[.='You are logged in success']
00:31:44.459  INFO  manager.MyListener  The element with locator by By.xpath: //h2[.='You are logged in success'] is found successfully
00:31:44.484  INFO  manager.MyListener  Start searching element by By.xpath: //h2[.='You are logged in success']
00:31:44.494  INFO  manager.MyListener  The element with locator by By.xpath: //h2[.='You are logged in success'] is found successfully
00:31:44.511  INFO  manager.MyListener  Start searching element by By.xpath: //button[.='Ok']
00:31:44.526  INFO  manager.MyListener  The element with locator by By.xpath: //button[.='Ok'] is found successfully
00:31:44.526  INFO  manager.MyListener  Start searching element by By.xpath: //button[.='Ok']
00:31:44.541  INFO  manager.MyListener  The element with locator by By.xpath: //button[.='Ok'] is found successfully
00:31:44.589  INFO  tests.TestBase       ###### Finished  #########
00:31:44.591  INFO  tests.TestBase             ############### Start  test searchPositiveTest
00:31:44.595  INFO  manager.MyListener  Start searching element by By.xpath: //img[@alt='logo'][contains(@src,'../../../assets/images/navigator/logo.svg')]
00:31:44.604  INFO  manager.MyListener  The element with locator by By.xpath: //img[@alt='logo'][contains(@src,'../../../assets/images/navigator/logo.svg')] is found successfully
00:31:44.998  INFO  manager.MyListener  Start searching element by By.xpath: //input[@id='city']
00:31:45.013  INFO  manager.MyListener  The element with locator by By.xpath: //input[@id='city'] is found successfully
00:31:48.134  INFO  manager.MyListener  Start searching element by By.xpath: //input[@id='city']
00:31:48.174  INFO  manager.MyListener  The element with locator by By.xpath: //input[@id='city'] is found successfully
00:31:48.229  INFO  manager.MyListener  Something went wrong!
00:31:48.229  INFO  manager.MyListener  move target out of bounds
  (Session info: chrome=112.0.5615.140)
Build info: version: '3.141.59', revision: 'e82be7d358', time: '2018-11-14T08:17:03'
System info: host: 'LAPTOP-QKHLCVKT', ip: '192.168.88.107', os.name: 'Windows 11', os.arch: 'amd64', os.version: '10.0', java.version: '1.8.0_333'
Driver info: org.openqa.selenium.chrome.ChromeDriver
Capabilities {acceptInsecureCerts: false, browserName: chrome, browserVersion: 112.0.5615.140, chrome: {chromedriverVersion: 112.0.5615.49 (bd2a7bcb881c..., userDataDir: C:\Users\Liora\AppData\Loca...}, goog:chromeOptions: {debuggerAddress: localhost:56494}, javascriptEnabled: true, networkConnectionEnabled: false, pageLoadStrategy: normal, platform: WINDOWS, platformName: WINDOWS, proxy: Proxy(), setWindowRect: true, strictFileInteractability: false, timeouts: {implicit: 0, pageLoad: 300000, script: 30000}, unhandledPromptBehavior: dismiss and notify, webauthn:extension:credBlob: true, webauthn:extension:largeBlob: true, webauthn:extension:minPinLength: true, webauthn:extension:prf: true, webauthn:virtualAuthenticators: true}
Session ID: a2758945fed0881399de9b2b7cd6f03b
00:31:48.229  INFO  manager.MyListener  org.openqa.selenium.interactions.MoveTargetOutOfBoundsException: move target out of bounds
  (Session info: chrome=112.0.5615.140)
Build info: version: '3.141.59', revision: 'e82be7d358', time: '2018-11-14T08:17:03'
System info: host: 'LAPTOP-QKHLCVKT', ip: '192.168.88.107', os.name: 'Windows 11', os.arch: 'amd64', os.version: '10.0', java.version: '1.8.0_333'
Driver info: org.openqa.selenium.chrome.ChromeDriver
Capabilities {acceptInsecureCerts: false, browserName: chrome, browserVersion: 112.0.5615.140, chrome: {chromedriverVersion: 112.0.5615.49 (bd2a7bcb881c..., userDataDir: C:\Users\Liora\AppData\Loca...}, goog:chromeOptions: {debuggerAddress: localhost:56494}, javascriptEnabled: true, networkConnectionEnabled: false, pageLoadStrategy: normal, platform: WINDOWS, platformName: WINDOWS, proxy: Proxy(), setWindowRect: true, strictFileInteractability: false, timeouts: {implicit: 0, pageLoad: 300000, script: 30000}, unhandledPromptBehavior: dismiss and notify, webauthn:extension:credBlob: true, webauthn:extension:largeBlob: true, webauthn:extension:minPinLength: true, webauthn:extension:prf: true, webauthn:virtualAuthenticators: true}
Session ID: a2758945fed0881399de9b2b7cd6f03b
00:31:48.712  INFO  manager.MyListener  Here is the link to screenshot with error: src/test/screenshots/screenshot - 1908.png
00:31:48.713  INFO  tests.TestBase       ###### Finished  #########
